Connecting to database specified by database.yml
  [1m[36m (561.1ms)[0m  [1mCREATE TABLE `schema_migrations` (`version` varchar(255) NOT NULL) ENGINE=InnoDB[0m
  [1m[35m (480.7ms)[0m  CREATE UNIQUE INDEX `unique_schema_migrations` ON `schema_migrations` (`version`)
  [1m[36m (35.0ms)[0m  [1mSELECT `schema_migrations`.`version` FROM `schema_migrations` [0m
Migrating to CreateProducts (20110411214111)
  [1m[35m (174.3ms)[0m  CREATE TABLE `products` (`id` int(11) DEFAULT NULL auto_increment PRIMARY KEY, `title` varchar(255), `description` text, `image_url` varchar(255), `price` decimal(8,2), `created_at` datetime NOT NULL, `updated_at` datetime NOT NULL) ENGINE=InnoDB
  [1m[36m (131.2ms)[0m  [1mINSERT INTO `schema_migrations` (`version`) VALUES ('20110411214111')[0m
Migrating to CreateCarts (20110606125504)
  [1m[35m (163.8ms)[0m  CREATE TABLE `carts` (`id` int(11) DEFAULT NULL auto_increment PRIMARY KEY, `created_at` datetime NOT NULL, `updated_at` datetime NOT NULL) ENGINE=InnoDB
  [1m[36m (90.0ms)[0m  [1mINSERT INTO `schema_migrations` (`version`) VALUES ('20110606125504')[0m
Migrating to CreateLineItems (20110606125841)
  [1m[35m (131.8ms)[0m  CREATE TABLE `line_items` (`id` int(11) DEFAULT NULL auto_increment PRIMARY KEY, `product_id` int(11), `cart_id` int(11), `created_at` datetime NOT NULL, `updated_at` datetime NOT NULL) ENGINE=InnoDB
  [1m[36m (90.1ms)[0m  [1mINSERT INTO `schema_migrations` (`version`) VALUES ('20110606125841')[0m
Migrating to AddQuantityToLineItems (20110607134413)
  [1m[35m (408.7ms)[0m  ALTER TABLE `line_items` ADD `quantity` int(11) DEFAULT 1
  [1m[36m (68.8ms)[0m  [1mINSERT INTO `schema_migrations` (`version`) VALUES ('20110607134413')[0m
Migrating to CombineItemsInCart (20110607135212)
  [1m[35mCart Load (0.7ms)[0m  SELECT `carts`.* FROM `carts` 
  [1m[36m (118.7ms)[0m  [1mINSERT INTO `schema_migrations` (`version`) VALUES ('20110607135212')[0m
Migrating to AddPriceToLineItems (20110609135044)
  [1m[35m (355.9ms)[0m  ALTER TABLE `line_items` ADD `price` decimal(8,2) DEFAULT 0.0
  [1m[36mLineItem Load (41.6ms)[0m  [1mSELECT `line_items`.* FROM `line_items` [0m
  [1m[35m (93.1ms)[0m  INSERT INTO `schema_migrations` (`version`) VALUES ('20110609135044')
Migrating to CreateOrders (20110616134819)
  [1m[36m (194.8ms)[0m  [1mCREATE TABLE `orders` (`id` int(11) DEFAULT NULL auto_increment PRIMARY KEY, `name` varchar(255), `address` text, `email` varchar(255), `pay_type` varchar(255), `created_at` datetime NOT NULL, `updated_at` datetime NOT NULL) ENGINE=InnoDB[0m
  [1m[35m (97.3ms)[0m  INSERT INTO `schema_migrations` (`version`) VALUES ('20110616134819')
Migrating to AddOrderIdToLineItem (20110616134842)
  [1m[36m (395.2ms)[0m  [1mALTER TABLE `line_items` ADD `order_id` int(11)[0m
  [1m[35m (98.2ms)[0m  INSERT INTO `schema_migrations` (`version`) VALUES ('20110616134842')
Migrating to CreateUsers (20110706214839)
  [1m[36m (177.6ms)[0m  [1mCREATE TABLE `users` (`id` int(11) DEFAULT NULL auto_increment PRIMARY KEY, `name` varchar(255), `hashed_password` varchar(255), `salt` varchar(255), `created_at` datetime NOT NULL, `updated_at` datetime NOT NULL) ENGINE=InnoDB[0m
  [1m[35m (40.1ms)[0m  INSERT INTO `schema_migrations` (`version`) VALUES ('20110706214839')
Migrating to AddLocaleToProducts (20110718133505)
  [1m[36m (303.7ms)[0m  [1mALTER TABLE `products` ADD `locale` varchar(255) DEFAULT 'en'[0m
  [1m[35m (81.8ms)[0m  INSERT INTO `schema_migrations` (`version`) VALUES ('20110718133505')
Migrating to AddActiveToProducts (20110727133239)
  [1m[36m (321.1ms)[0m  [1mALTER TABLE `products` ADD `active` tinyint(1) DEFAULT 1[0m
  [1m[35m (123.3ms)[0m  INSERT INTO `schema_migrations` (`version`) VALUES ('20110727133239')
Migrating to DeviseCreateUsers (20110815183558)
  [1m[36m (95.5ms)[0m  [1mDROP TABLE `users`[0m
Connecting to database specified by database.yml
  [1m[36m (0.8ms)[0m  [1mSELECT `schema_migrations`.`version` FROM `schema_migrations` [0m
Migrating to CreateProducts (20110411214111)
Migrating to CreateCarts (20110606125504)
Migrating to CreateLineItems (20110606125841)
Migrating to AddQuantityToLineItems (20110607134413)
Migrating to CombineItemsInCart (20110607135212)
Migrating to AddPriceToLineItems (20110609135044)
Migrating to CreateOrders (20110616134819)
Migrating to AddOrderIdToLineItem (20110616134842)
Migrating to CreateUsers (20110706214839)
Migrating to AddLocaleToProducts (20110718133505)
Migrating to AddActiveToProducts (20110727133239)
Migrating to DeviseCreateUsers (20110815183558)
  [1m[35m (12.9ms)[0m  DROP TABLE `users`
Mysql2::Error: Unknown table 'users': DROP TABLE `users`
Connecting to database specified by database.yml
  [1m[36m (0.1ms)[0m  [1mSELECT `schema_migrations`.`version` FROM `schema_migrations` [0m
Migrating to CreateProducts (20110411214111)
Migrating to CreateCarts (20110606125504)
Migrating to CreateLineItems (20110606125841)
Migrating to AddQuantityToLineItems (20110607134413)
Migrating to CombineItemsInCart (20110607135212)
Migrating to AddPriceToLineItems (20110609135044)
Migrating to CreateOrders (20110616134819)
Migrating to AddOrderIdToLineItem (20110616134842)
Migrating to CreateUsers (20110706214839)
Migrating to AddLocaleToProducts (20110718133505)
Migrating to AddActiveToProducts (20110727133239)
Migrating to DeviseCreateUsers (20110815183558)
  [1m[35m (0.3ms)[0m  DROP TABLE `users`
Mysql2::Error: Unknown table 'users': DROP TABLE `users`
Connecting to database specified by database.yml
  [1m[36m (0.3ms)[0m  [1mSELECT `schema_migrations`.`version` FROM `schema_migrations` [0m
Migrating to CreateProducts (20110411214111)
Migrating to CreateCarts (20110606125504)
Migrating to CreateLineItems (20110606125841)
Migrating to AddQuantityToLineItems (20110607134413)
Migrating to CombineItemsInCart (20110607135212)
Migrating to AddPriceToLineItems (20110609135044)
Migrating to CreateOrders (20110616134819)
Migrating to AddOrderIdToLineItem (20110616134842)
Migrating to CreateUsers (20110706214839)
Migrating to AddLocaleToProducts (20110718133505)
Migrating to AddActiveToProducts (20110727133239)
Migrating to DeviseCreateUsers (20110815183558)
  [1m[35m (350.4ms)[0m  CREATE TABLE `users` (`id` int(11) DEFAULT NULL auto_increment PRIMARY KEY, `email` varchar(255) DEFAULT '' NOT NULL, `encrypted_password` varchar(255) DEFAULT '' NOT NULL, `reset_password_token` varchar(255), `reset_password_sent_at` datetime, `remember_created_at` datetime, `sign_in_count` int(11) DEFAULT 0, `current_sign_in_at` datetime, `last_sign_in_at` datetime, `current_sign_in_ip` varchar(255), `last_sign_in_ip` varchar(255)) ENGINE=InnoDB
  [1m[36m (345.4ms)[0m  [1mCREATE UNIQUE INDEX `index_users_on_email` ON `users` (`email`)[0m
  [1m[35m (266.4ms)[0m  CREATE UNIQUE INDEX `index_users_on_reset_password_token` ON `users` (`reset_password_token`)
  [1m[36m (114.3ms)[0m  [1mINSERT INTO `schema_migrations` (`version`) VALUES ('20110815183558')[0m
Migrating to CreateRailsAdminHistoriesTable (20110815183637)
  [1m[35m (208.5ms)[0m  CREATE TABLE `rails_admin_histories` (`id` int(11) DEFAULT NULL auto_increment PRIMARY KEY, `message` varchar(255), `username` varchar(255), `item` int(11), `table` varchar(255), `month` smallint, `year` bigint, `created_at` datetime NOT NULL, `updated_at` datetime NOT NULL) ENGINE=InnoDB
  [1m[36m (313.9ms)[0m  [1mCREATE INDEX `index_rails_admin_histories` ON `rails_admin_histories` (`item`, `table`, `month`, `year`)[0m
  [1m[35m (65.0ms)[0m  INSERT INTO `schema_migrations` (`version`) VALUES ('20110815183637')
  [1m[36m (0.6ms)[0m  [1mSELECT `schema_migrations`.`version` FROM `schema_migrations` [0m
Connecting to database specified by database.yml


Started GET "/" for 127.0.0.1 at 2012-12-31 18:01:26 +0530
Processing by StoreController#index as HTML
  [1m[36m (0.1ms)[0m  [1mBEGIN[0m
  [1m[35mSQL (70.7ms)[0m  INSERT INTO `carts` (`created_at`, `updated_at`) VALUES ('2012-12-31 12:31:27', '2012-12-31 12:31:27')
  [1m[36m (78.3ms)[0m  [1mCOMMIT[0m
  [1m[35mProduct Load (159.8ms)[0m  SELECT `products`.* FROM `products` WHERE `products`.`active` = 1 ORDER BY title
  Rendered store/index.html.erb within layouts/application (264.8ms)
Compiled jquery.js  (53ms)  (pid 29182)
Compiled jquery-ui.js  (9ms)  (pid 29182)
Compiled jquery_ujs.js  (0ms)  (pid 29182)
Compiled application.js  (456ms)  (pid 29182)
Compiled depot.css  (0ms)  (pid 29182)
Compiled scaffold.css  (0ms)  (pid 29182)
Compiled application.css  (162ms)  (pid 29182)
  [1m[36m (129.7ms)[0m  [1mSELECT COUNT(*) FROM `line_items` WHERE `line_items`.`cart_id` = 1[0m
  Rendered collection (0.0ms)
DEPRECATION WARNING: :confirm option is deprecated and will be removed from Rails 4.0. Use ':data => { :confirm => 'Text' }' instead. (called from block in _app_views_carts__cart_html_erb___869838147_70940770 at /home/nikhily/Depot-Rails3/app/views/carts/_cart.html.erb:12)
  Rendered carts/_cart.html.erb (25.1ms)
Completed 200 OK in 2581ms (Views: 1527.3ms | ActiveRecord: 508.4ms)


Started GET "/assets/application.css?body=1" for 127.0.0.1 at 2012-12-31 18:01:29 +0530
Served asset /application.css - 200 OK (113ms)


Started GET "/assets/depot.css?body=1" for 127.0.0.1 at 2012-12-31 18:01:29 +0530
Served asset /depot.css - 200 OK (6ms)


Started GET "/assets/application.js?body=1" for 127.0.0.1 at 2012-12-31 18:01:29 +0530
Served asset /application.js - 200 OK (11ms)


Started GET "/assets/scaffold.css?body=1" for 127.0.0.1 at 2012-12-31 18:01:29 +0530
Served asset /scaffold.css - 200 OK (2ms)


Started GET "/assets/jquery.js?body=1" for 127.0.0.1 at 2012-12-31 18:01:29 +0530
Served asset /jquery.js - 200 OK (5ms)


Started GET "/assets/jquery-ui.js?body=1" for 127.0.0.1 at 2012-12-31 18:01:29 +0530
Served asset /jquery-ui.js - 200 OK (6ms)


Started GET "/assets/jquery_ujs.js?body=1" for 127.0.0.1 at 2012-12-31 18:01:29 +0530
Served asset /jquery_ujs.js - 200 OK (4ms)


Started GET "/assets/logo.png" for 127.0.0.1 at 2012-12-31 18:01:30 +0530
Served asset /logo.png - 200 OK (65ms)


Started GET "/" for 127.0.0.1 at 2012-12-31 18:01:32 +0530
Processing by StoreController#index as HTML
  [1m[35mCart Load (22.9ms)[0m  SELECT `carts`.* FROM `carts` WHERE `carts`.`id` = 1 LIMIT 1
  [1m[36mProduct Load (0.2ms)[0m  [1mSELECT `products`.* FROM `products` WHERE `products`.`active` = 1 ORDER BY title[0m
  Rendered store/index.html.erb within layouts/application (1.3ms)
  [1m[35m (0.2ms)[0m  SELECT COUNT(*) FROM `line_items` WHERE `line_items`.`cart_id` = 1
  Rendered collection (0.0ms)
DEPRECATION WARNING: :confirm option is deprecated and will be removed from Rails 4.0. Use ':data => { :confirm => 'Text' }' instead. (called from block in _app_views_carts__cart_html_erb___869838147_70940770 at /home/nikhily/Depot-Rails3/app/views/carts/_cart.html.erb:12)
  Rendered carts/_cart.html.erb (2.7ms)
Completed 200 OK in 47ms (Views: 20.5ms | ActiveRecord: 23.3ms)


Started GET "/assets/jquery.js?body=1" for 127.0.0.1 at 2012-12-31 18:01:32 +0530
Served asset /jquery.js - 304 Not Modified (1ms)


Started GET "/assets/jquery-ui.js?body=1" for 127.0.0.1 at 2012-12-31 18:01:32 +0530
Served asset /jquery-ui.js - 304 Not Modified (1ms)


Started GET "/" for 127.0.0.1 at 2012-12-31 18:01:34 +0530
Processing by StoreController#index as HTML
  [1m[36mCart Load (0.1ms)[0m  [1mSELECT `carts`.* FROM `carts` WHERE `carts`.`id` = 1 LIMIT 1[0m
  [1m[35mProduct Load (0.1ms)[0m  SELECT `products`.* FROM `products` WHERE `products`.`active` = 1 ORDER BY title
  Rendered store/index.html.erb within layouts/application (0.8ms)
  [1m[36m (0.1ms)[0m  [1mSELECT COUNT(*) FROM `line_items` WHERE `line_items`.`cart_id` = 1[0m
  Rendered collection (0.0ms)
DEPRECATION WARNING: :confirm option is deprecated and will be removed from Rails 4.0. Use ':data => { :confirm => 'Text' }' instead. (called from block in _app_views_carts__cart_html_erb___869838147_70940770 at /home/nikhily/Depot-Rails3/app/views/carts/_cart.html.erb:12)
  Rendered carts/_cart.html.erb (3.0ms)
Completed 200 OK in 63ms (Views: 60.1ms | ActiveRecord: 0.4ms)


Started GET "/assets/jquery.js?body=1" for 127.0.0.1 at 2012-12-31 18:01:34 +0530
Served asset /jquery.js - 304 Not Modified (0ms)


Started GET "/assets/jquery-ui.js?body=1" for 127.0.0.1 at 2012-12-31 18:01:34 +0530
Served asset /jquery-ui.js - 304 Not Modified (1ms)


Started GET "/" for 127.0.0.1 at 2012-12-31 18:01:36 +0530
Processing by StoreController#index as HTML
  [1m[35mCart Load (0.1ms)[0m  SELECT `carts`.* FROM `carts` WHERE `carts`.`id` = 1 LIMIT 1
  [1m[36mProduct Load (0.1ms)[0m  [1mSELECT `products`.* FROM `products` WHERE `products`.`active` = 1 ORDER BY title[0m
  Rendered store/index.html.erb within layouts/application (1.1ms)
  [1m[35m (0.2ms)[0m  SELECT COUNT(*) FROM `line_items` WHERE `line_items`.`cart_id` = 1
  Rendered collection (0.0ms)
DEPRECATION WARNING: :confirm option is deprecated and will be removed from Rails 4.0. Use ':data => { :confirm => 'Text' }' instead. (called from block in _app_views_carts__cart_html_erb___869838147_70940770 at /home/nikhily/Depot-Rails3/app/views/carts/_cart.html.erb:12)
  Rendered carts/_cart.html.erb (2.5ms)
Completed 200 OK in 17ms (Views: 15.5ms | ActiveRecord: 0.4ms)


Started GET "/assets/jquery.js?body=1" for 127.0.0.1 at 2012-12-31 18:01:36 +0530
Served asset /jquery.js - 304 Not Modified (0ms)


Started GET "/assets/jquery-ui.js?body=1" for 127.0.0.1 at 2012-12-31 18:01:36 +0530
Served asset /jquery-ui.js - 304 Not Modified (1ms)


Started GET "/" for 127.0.0.1 at 2012-12-31 18:01:36 +0530
Processing by StoreController#index as HTML
  [1m[36mCart Load (0.1ms)[0m  [1mSELECT `carts`.* FROM `carts` WHERE `carts`.`id` = 1 LIMIT 1[0m
  [1m[35mProduct Load (2.8ms)[0m  SELECT `products`.* FROM `products` WHERE `products`.`active` = 1 ORDER BY title
  Rendered store/index.html.erb within layouts/application (3.7ms)
  [1m[36m (0.1ms)[0m  [1mSELECT COUNT(*) FROM `line_items` WHERE `line_items`.`cart_id` = 1[0m
  Rendered collection (0.0ms)
DEPRECATION WARNING: :confirm option is deprecated and will be removed from Rails 4.0. Use ':data => { :confirm => 'Text' }' instead. (called from block in _app_views_carts__cart_html_erb___869838147_70940770 at /home/nikhily/Depot-Rails3/app/views/carts/_cart.html.erb:12)
  Rendered carts/_cart.html.erb (2.7ms)
Completed 200 OK in 20ms (Views: 15.7ms | ActiveRecord: 3.1ms)


Started GET "/assets/jquery.js?body=1" for 127.0.0.1 at 2012-12-31 18:01:36 +0530
Served asset /jquery.js - 304 Not Modified (0ms)


Started GET "/assets/jquery-ui.js?body=1" for 127.0.0.1 at 2012-12-31 18:01:37 +0530
Served asset /jquery-ui.js - 304 Not Modified (2ms)


Started POST "/en" for 127.0.0.1 at 2012-12-31 18:01:43 +0530
Processing by StoreController#index as HTML
  Parameters: {"utf8"=>"✓", "authenticity_token"=>"t/uwQPbG2bwFQziZqrLhBxaJjnOGDJ5OGub3tvsZGso=", "set_locale"=>"es", "locale"=>"en"}
Redirected to http://localhost:5000/es
Completed 302 Found in 1ms (ActiveRecord: 0.0ms)


Started GET "/es" for 127.0.0.1 at 2012-12-31 18:01:43 +0530
Processing by StoreController#index as HTML
  Parameters: {"locale"=>"es"}
  [1m[35mCart Load (1.4ms)[0m  SELECT `carts`.* FROM `carts` WHERE `carts`.`id` = 1 LIMIT 1
  [1m[36mProduct Load (21.1ms)[0m  [1mSELECT `products`.* FROM `products` WHERE `products`.`locale` = 'es' AND `products`.`active` = 1 ORDER BY title[0m
  Rendered store/index.html.erb within layouts/application (24.1ms)
  [1m[35m (0.2ms)[0m  SELECT COUNT(*) FROM `line_items` WHERE `line_items`.`cart_id` = 1
  Rendered collection (0.0ms)
DEPRECATION WARNING: :confirm option is deprecated and will be removed from Rails 4.0. Use ':data => { :confirm => 'Text' }' instead. (called from block in _app_views_carts__cart_html_erb___869838147_83202100 at /home/nikhily/Depot-Rails3/app/views/carts/_cart.html.erb:12)
  Rendered carts/_cart.html.erb (4.0ms)
Completed 200 OK in 61ms (Views: 36.3ms | ActiveRecord: 22.7ms)


Started GET "/assets/jquery.js?body=1" for 127.0.0.1 at 2012-12-31 18:01:43 +0530
Served asset /jquery.js - 304 Not Modified (1ms)


Started GET "/assets/jquery-ui.js?body=1" for 127.0.0.1 at 2012-12-31 18:01:43 +0530
Served asset /jquery-ui.js - 304 Not Modified (1ms)


Started POST "/es" for 127.0.0.1 at 2012-12-31 18:01:46 +0530
Processing by StoreController#index as HTML
  Parameters: {"utf8"=>"✓", "authenticity_token"=>"t/uwQPbG2bwFQziZqrLhBxaJjnOGDJ5OGub3tvsZGso=", "set_locale"=>"en", "locale"=>"es"}
Redirected to http://localhost:5000/en
Completed 302 Found in 1ms (ActiveRecord: 0.0ms)


Started GET "/en" for 127.0.0.1 at 2012-12-31 18:01:46 +0530
Processing by StoreController#index as HTML
  Parameters: {"locale"=>"en"}
  [1m[36mCart Load (0.1ms)[0m  [1mSELECT `carts`.* FROM `carts` WHERE `carts`.`id` = 1 LIMIT 1[0m
  [1m[35mProduct Load (21.7ms)[0m  SELECT `products`.* FROM `products` WHERE `products`.`locale` = 'en' AND `products`.`active` = 1 ORDER BY title
  Rendered store/index.html.erb within layouts/application (22.9ms)
  [1m[36m (0.3ms)[0m  [1mSELECT COUNT(*) FROM `line_items` WHERE `line_items`.`cart_id` = 1[0m
  Rendered collection (0.0ms)
DEPRECATION WARNING: :confirm option is deprecated and will be removed from Rails 4.0. Use ':data => { :confirm => 'Text' }' instead. (called from block in _app_views_carts__cart_html_erb___869838147_70940770 at /home/nikhily/Depot-Rails3/app/views/carts/_cart.html.erb:12)
  Rendered carts/_cart.html.erb (2.5ms)
Completed 200 OK in 99ms (Views: 75.2ms | ActiveRecord: 22.1ms)


Started GET "/assets/jquery.js?body=1" for 127.0.0.1 at 2012-12-31 18:01:46 +0530
Served asset /jquery.js - 304 Not Modified (1ms)


Started GET "/assets/jquery-ui.js?body=1" for 127.0.0.1 at 2012-12-31 18:01:46 +0530
Served asset /jquery-ui.js - 304 Not Modified (1ms)
Connecting to database specified by database.yml
  [1m[36m (0.4ms)[0m  [1mSELECT `schema_migrations`.`version` FROM `schema_migrations` [0m
  [1m[35mSQL (24.2ms)[0m  DELETE FROM `products`
  [1m[36m (0.1ms)[0m  [1mBEGIN[0m
  [1m[35mProduct Exists (85.0ms)[0m  SELECT 1 AS one FROM `products` WHERE `products`.`title` = BINARY 'Web Design for Developers' LIMIT 1
  [1m[36mSQL (61.7ms)[0m  [1mINSERT INTO `products` (`active`, `created_at`, `description`, `image_url`, `locale`, `price`, `title`, `updated_at`) VALUES (1, '2012-12-31 12:32:39', '<p>\n <em>Web Design for Developers</em> will show you how to make your\n web-based application look professionally designed. We\'ll help you\n learn how to pick the right colors and fonts, avoid costly interface\n and accessibility mistakes -- your application will really come alive.\n We\'ll also walk you through some common Photoshop and CSS techniques\n and work through a web site redesign, taking a new design from concept\n all the way to implementation.\n </p>', '/images/wd4d.jpg', 'en', 42.95, 'Web Design for Developers', '2012-12-31 12:32:39')[0m
  [1m[35m (77.2ms)[0m  COMMIT
  [1m[36m (0.2ms)[0m  [1mBEGIN[0m
  [1m[35mProduct Exists (20.0ms)[0m  SELECT 1 AS one FROM `products` WHERE `products`.`title` = BINARY 'Programming Ruby 1.9' LIMIT 1
  [1m[36mSQL (11.0ms)[0m  [1mINSERT INTO `products` (`active`, `created_at`, `description`, `image_url`, `locale`, `price`, `title`, `updated_at`) VALUES (1, '2012-12-31 12:32:39', '<p>\n Ruby is the fastest growing and most exciting dynamic language\n out there. If you need to get working programs delivered fast,\n you should add Ruby to your toolbox.\n </p>', '/images/ruby.jpg', 'en', 49.5, 'Programming Ruby 1.9', '2012-12-31 12:32:39')[0m
  [1m[35m (77.0ms)[0m  COMMIT
  [1m[36m (0.2ms)[0m  [1mBEGIN[0m
  [1m[35mProduct Exists (1.0ms)[0m  SELECT 1 AS one FROM `products` WHERE `products`.`title` = BINARY 'Rails Test Prescriptions' LIMIT 1
  [1m[36mSQL (17.8ms)[0m  [1mINSERT INTO `products` (`active`, `created_at`, `description`, `image_url`, `locale`, `price`, `title`, `updated_at`) VALUES (1, '2012-12-31 12:32:39', '<p>\n <em>Rails Test Prescriptions</em> is a comprehensive guide to testing\n Rails applications, covering Test-Driven Development from both a\n theoretical perspective (why to test) and from a practical perspective\n (how to test effectively). It covers the core Rails testing tools and\n procedures for Rails 2 and Rails 3, and introduces popular add-ons,\n including Cucumber, Shoulda, Machinist, Mocha, and Rcov.\n </p>', '/images/rtp.jpg', 'en', 43.75, 'Rails Test Prescriptions', '2012-12-31 12:32:39')[0m
  [1m[35m (71.7ms)[0m  COMMIT


Started GET "/en" for 127.0.0.1 at 2012-12-31 18:02:43 +0530
Processing by StoreController#index as HTML
  Parameters: {"locale"=>"en"}
  [1m[35mCart Load (0.3ms)[0m  SELECT `carts`.* FROM `carts` WHERE `carts`.`id` = 1 LIMIT 1
  [1m[36mProduct Load (0.5ms)[0m  [1mSELECT `products`.* FROM `products` WHERE `products`.`locale` = 'en' AND `products`.`active` = 1 ORDER BY title[0m
  Rendered store/index.html.erb within layouts/application (100.1ms)
  [1m[35m (0.3ms)[0m  SELECT COUNT(*) FROM `line_items` WHERE `line_items`.`cart_id` = 1
  Rendered collection (0.0ms)
DEPRECATION WARNING: :confirm option is deprecated and will be removed from Rails 4.0. Use ':data => { :confirm => 'Text' }' instead. (called from block in _app_views_carts__cart_html_erb___869838147_70940770 at /home/nikhily/Depot-Rails3/app/views/carts/_cart.html.erb:12)
  Rendered carts/_cart.html.erb (2.8ms)
Completed 200 OK in 117ms (Views: 114.3ms | ActiveRecord: 1.1ms)


Started GET "/assets/application.css?body=1" for 127.0.0.1 at 2012-12-31 18:02:43 +0530
Served asset /application.css - 304 Not Modified (0ms)


Started GET "/assets/depot.css?body=1" for 127.0.0.1 at 2012-12-31 18:02:43 +0530
Served asset /depot.css - 304 Not Modified (0ms)


Started GET "/assets/scaffold.css?body=1" for 127.0.0.1 at 2012-12-31 18:02:43 +0530
Served asset /scaffold.css - 304 Not Modified (0ms)


Started GET "/assets/jquery.js?body=1" for 127.0.0.1 at 2012-12-31 18:02:43 +0530
Served asset /jquery.js - 304 Not Modified (0ms)


Started GET "/assets/jquery-ui.js?body=1" for 127.0.0.1 at 2012-12-31 18:02:43 +0530
Served asset /jquery-ui.js - 304 Not Modified (1ms)


Started GET "/assets/jquery_ujs.js?body=1" for 127.0.0.1 at 2012-12-31 18:02:43 +0530
Served asset /jquery_ujs.js - 304 Not Modified (0ms)


Started GET "/assets/application.js?body=1" for 127.0.0.1 at 2012-12-31 18:02:43 +0530
Served asset /application.js - 304 Not Modified (2ms)


Started GET "/assets/jquery_ujs.js?body=1" for 127.0.0.1 at 2012-12-31 18:02:43 +0530
Served asset /jquery_ujs.js - 304 Not Modified (0ms)


Started GET "/assets/application.js?body=1" for 127.0.0.1 at 2012-12-31 18:02:43 +0530
Served asset /application.js - 304 Not Modified (2ms)


Started GET "/assets/logo.png" for 127.0.0.1 at 2012-12-31 18:02:43 +0530
Served asset /logo.png - 304 Not Modified (0ms)


Started POST "/line_items?locale=en&product_id=2" for 127.0.0.1 at 2012-12-31 18:02:45 +0530
Processing by LineItemsController#create as JS
  Parameters: {"authenticity_token"=>"t/uwQPbG2bwFQziZqrLhBxaJjnOGDJ5OGub3tvsZGso=", "locale"=>"en", "product_id"=>"2"}
  [1m[36mCart Load (0.2ms)[0m  [1mSELECT `carts`.* FROM `carts` WHERE `carts`.`id` = 1 LIMIT 1[0m
  [1m[35mProduct Load (0.5ms)[0m  SELECT `products`.* FROM `products` WHERE `products`.`id` = 2 ORDER BY title LIMIT 1
  [1m[36mLineItem Load (0.5ms)[0m  [1mSELECT `line_items`.* FROM `line_items` WHERE `line_items`.`cart_id` = 1 AND `line_items`.`product_id` = 2 LIMIT 1[0m
  [1m[35mCACHE (0.0ms)[0m  SELECT `products`.* FROM `products` WHERE `products`.`id` = 2 ORDER BY title LIMIT 1
  [1m[36m (0.1ms)[0m  [1mBEGIN[0m
  [1m[35mSQL (29.6ms)[0m  INSERT INTO `line_items` (`cart_id`, `created_at`, `order_id`, `price`, `product_id`, `quantity`, `updated_at`) VALUES (1, '2012-12-31 12:32:45', NULL, 49.5, 2, 1, '2012-12-31 12:32:45')
  [1m[36mProduct Load (43.5ms)[0m  [1mSELECT `products`.* FROM `products` WHERE `products`.`id` = 2 ORDER BY title LIMIT 1[0m
>>Line item created: Programming Ruby 1.9
  [1m[35m (66.4ms)[0m  COMMIT
  [1m[36mLineItem Load (0.9ms)[0m  [1mSELECT `line_items`.* FROM `line_items` WHERE `line_items`.`cart_id` = 1[0m
  Rendered line_items/_line_item.html.erb (1.3ms)
DEPRECATION WARNING: :confirm option is deprecated and will be removed from Rails 4.0. Use ':data => { :confirm => 'Text' }' instead. (called from block in _app_views_carts__cart_html_erb___869838147_71536430 at /home/nikhily/Depot-Rails3/app/views/carts/_cart.html.erb:12)
  Rendered carts/_cart.html.erb (23.9ms)
  Rendered line_items/create.js.erb (26.1ms)
Completed 200 OK in 336ms (Views: 54.7ms | ActiveRecord: 141.7ms)


Started GET "/orders/new" for 127.0.0.1 at 2012-12-31 18:02:49 +0530
Processing by OrdersController#new as HTML
  [1m[35mCart Load (0.2ms)[0m  SELECT `carts`.* FROM `carts` WHERE `carts`.`id` = 1 LIMIT 1
  [1m[36m (0.7ms)[0m  [1mSELECT COUNT(*) FROM `line_items` WHERE `line_items`.`cart_id` = 1[0m
  Rendered orders/_form.html.erb (6.8ms)
  Rendered orders/new.html.erb within layouts/application (8.6ms)
  [1m[35mCACHE (0.0ms)[0m  SELECT COUNT(*) FROM `line_items` WHERE `line_items`.`cart_id` = 1
  [1m[36mLineItem Load (0.1ms)[0m  [1mSELECT `line_items`.* FROM `line_items` WHERE `line_items`.`cart_id` = 1[0m
  [1m[35mProduct Load (0.1ms)[0m  SELECT `products`.* FROM `products` WHERE `products`.`id` = 2 ORDER BY title LIMIT 1
  Rendered line_items/_line_item.html.erb (2.8ms)
DEPRECATION WARNING: :confirm option is deprecated and will be removed from Rails 4.0. Use ':data => { :confirm => 'Text' }' instead. (called from block in _app_views_carts__cart_html_erb___869838147_70940770 at /home/nikhily/Depot-Rails3/app/views/carts/_cart.html.erb:12)
  Rendered carts/_cart.html.erb (7.5ms)
Completed 200 OK in 43ms (Views: 27.8ms | ActiveRecord: 1.2ms)


Started GET "/assets/application.css?body=1" for 127.0.0.1 at 2012-12-31 18:02:49 +0530
Served asset /application.css - 304 Not Modified (0ms)


Started GET "/assets/scaffold.css?body=1" for 127.0.0.1 at 2012-12-31 18:02:49 +0530
Served asset /scaffold.css - 304 Not Modified (0ms)


Started GET "/assets/depot.css?body=1" for 127.0.0.1 at 2012-12-31 18:02:49 +0530
Served asset /depot.css - 304 Not Modified (0ms)


Started GET "/assets/jquery.js?body=1" for 127.0.0.1 at 2012-12-31 18:02:49 +0530
Served asset /jquery.js - 304 Not Modified (0ms)


Started GET "/assets/jquery-ui.js?body=1" for 127.0.0.1 at 2012-12-31 18:02:49 +0530
Served asset /jquery-ui.js - 304 Not Modified (1ms)


Started GET "/assets/jquery_ujs.js?body=1" for 127.0.0.1 at 2012-12-31 18:02:49 +0530
Served asset /jquery_ujs.js - 304 Not Modified (0ms)


Started GET "/assets/application.js?body=1" for 127.0.0.1 at 2012-12-31 18:02:49 +0530
Served asset /application.js - 304 Not Modified (2ms)


Started GET "/assets/logo.png" for 127.0.0.1 at 2012-12-31 18:02:49 +0530
Served asset /logo.png - 304 Not Modified (0ms)


Started POST "/orders?locale=en" for 127.0.0.1 at 2012-12-31 18:03:04 +0530
Processing by OrdersController#create as HTML
  Parameters: {"utf8"=>"✓", "authenticity_token"=>"t/uwQPbG2bwFQziZqrLhBxaJjnOGDJ5OGub3tvsZGso=", "order"=>{"name"=>"Rajarshi Das", "address"=>"sdsaasdsad", "email"=>"rdasarminus@gmail.com", "pay_type"=>"Check"}, "commit"=>"Place Order", "locale"=>"en"}
  [1m[36mCart Load (0.2ms)[0m  [1mSELECT `carts`.* FROM `carts` WHERE `carts`.`id` = 1 LIMIT 1[0m
  [1m[35mLineItem Load (0.2ms)[0m  SELECT `line_items`.* FROM `line_items` WHERE `line_items`.`cart_id` = 1
  [1m[36m (0.1ms)[0m  [1mBEGIN[0m
  [1m[35mSQL (113.8ms)[0m  INSERT INTO `orders` (`address`, `created_at`, `email`, `name`, `pay_type`, `updated_at`) VALUES ('sdsaasdsad', '2012-12-31 12:33:04', 'rdasarminus@gmail.com', 'Rajarshi Das', 'Check', '2012-12-31 12:33:04')
  [1m[36m (66.7ms)[0m  [1mUPDATE `line_items` SET `cart_id` = NULL, `order_id` = 1, `updated_at` = '2012-12-31 12:33:04' WHERE `line_items`.`id` = 1[0m
  [1m[35m (78.4ms)[0m  COMMIT
  [1m[36mCart Load (0.4ms)[0m  [1mSELECT `carts`.* FROM `carts` WHERE `carts`.`id` = 1 LIMIT 1[0m
  [1m[35m (0.3ms)[0m  BEGIN
  [1m[36mLineItem Load (0.6ms)[0m  [1mSELECT `line_items`.* FROM `line_items` WHERE `line_items`.`cart_id` = 1[0m
  [1m[35mSQL (46.2ms)[0m  DELETE FROM `carts` WHERE `carts`.`id` = 1
  [1m[36m (32.7ms)[0m  [1mCOMMIT[0m
  [1m[35mProduct Load (0.3ms)[0m  SELECT `products`.* FROM `products` WHERE `products`.`id` = 2 ORDER BY title LIMIT 1
  Rendered line_items/_line_item.text.erb (3.8ms)
  Rendered notifier/order_received.text.erb (15.0ms)

Sent mail to rdasarminus@gmail.com (147ms)
Date: Mon, 31 Dec 2012 18:03:06 +0530
From: from@example.com
To: rdasarminus@gmail.com
Message-ID: <50e186026f548_71fe43b3004792eb@nikhily-HCL-Desktop.mail>
Subject: Pragmatic Store Order Confirmation
Mime-Version: 1.0
Content-Type: text/plain;
 charset=UTF-8
Content-Transfer-Encoding: 7bit


Dear Rajarshi Das

Thank you for your recent order from The Pragmatic Store.
You ordered the following items:

 1 x Programming Ruby 1.9


We'll send you a seperate e-mail when your order ships.

Thanks!

Redirected to http://localhost:5000/en
Completed 302 Found in 1746ms (ActiveRecord: 339.9ms)


Started GET "/en" for 127.0.0.1 at 2012-12-31 18:03:06 +0530
Processing by StoreController#index as HTML
  Parameters: {"locale"=>"en"}
  [1m[36m (0.1ms)[0m  [1mBEGIN[0m
  [1m[35mSQL (28.8ms)[0m  INSERT INTO `carts` (`created_at`, `updated_at`) VALUES ('2012-12-31 12:33:06', '2012-12-31 12:33:06')
  [1m[36m (63.3ms)[0m  [1mCOMMIT[0m
  [1m[35mProduct Load (0.3ms)[0m  SELECT `products`.* FROM `products` WHERE `products`.`locale` = 'en' AND `products`.`active` = 1 ORDER BY title
  Rendered store/index.html.erb within layouts/application (10.6ms)
  [1m[36m (0.3ms)[0m  [1mSELECT COUNT(*) FROM `line_items` WHERE `line_items`.`cart_id` = 2[0m
  Rendered collection (0.0ms)
DEPRECATION WARNING: :confirm option is deprecated and will be removed from Rails 4.0. Use ':data => { :confirm => 'Text' }' instead. (called from block in _app_views_carts__cart_html_erb___869838147_70940770 at /home/nikhily/Depot-Rails3/app/views/carts/_cart.html.erb:12)
  Rendered carts/_cart.html.erb (8.1ms)
Completed 200 OK in 135ms (Views: 35.7ms | ActiveRecord: 92.8ms)


Started GET "/assets/application.css?body=1" for 127.0.0.1 at 2012-12-31 18:03:06 +0530
Served asset /application.css - 304 Not Modified (1ms)


Started GET "/assets/depot.css?body=1" for 127.0.0.1 at 2012-12-31 18:03:06 +0530
Served asset /depot.css - 304 Not Modified (0ms)


Started GET "/assets/scaffold.css?body=1" for 127.0.0.1 at 2012-12-31 18:03:06 +0530
Served asset /scaffold.css - 304 Not Modified (0ms)


Started GET "/assets/jquery.js?body=1" for 127.0.0.1 at 2012-12-31 18:03:06 +0530
Served asset /jquery.js - 304 Not Modified (0ms)


Started GET "/assets/jquery-ui.js?body=1" for 127.0.0.1 at 2012-12-31 18:03:06 +0530
Served asset /jquery-ui.js - 304 Not Modified (47ms)


Started GET "/assets/jquery_ujs.js?body=1" for 127.0.0.1 at 2012-12-31 18:03:06 +0530
Served asset /jquery_ujs.js - 304 Not Modified (0ms)


Started GET "/assets/application.js?body=1" for 127.0.0.1 at 2012-12-31 18:03:06 +0530
Served asset /application.js - 304 Not Modified (2ms)


Started GET "/assets/logo.png" for 127.0.0.1 at 2012-12-31 18:03:06 +0530
Served asset /logo.png - 304 Not Modified (0ms)


Started POST "/line_items?locale=en&product_id=2" for 127.0.0.1 at 2012-12-31 18:04:09 +0530
Processing by LineItemsController#create as JS
  Parameters: {"authenticity_token"=>"t/uwQPbG2bwFQziZqrLhBxaJjnOGDJ5OGub3tvsZGso=", "locale"=>"en", "product_id"=>"2"}
  [1m[35mCart Load (29.3ms)[0m  SELECT `carts`.* FROM `carts` WHERE `carts`.`id` = 2 LIMIT 1
  [1m[36mProduct Load (0.2ms)[0m  [1mSELECT `products`.* FROM `products` WHERE `products`.`id` = 2 ORDER BY title LIMIT 1[0m
  [1m[35mLineItem Load (0.7ms)[0m  SELECT `line_items`.* FROM `line_items` WHERE `line_items`.`cart_id` = 2 AND `line_items`.`product_id` = 2 LIMIT 1
  [1m[36mCACHE (0.0ms)[0m  [1mSELECT `products`.* FROM `products` WHERE `products`.`id` = 2 ORDER BY title LIMIT 1[0m
  [1m[35m (0.3ms)[0m  BEGIN
  [1m[36mSQL (21.1ms)[0m  [1mINSERT INTO `line_items` (`cart_id`, `created_at`, `order_id`, `price`, `product_id`, `quantity`, `updated_at`) VALUES (2, '2012-12-31 12:34:09', NULL, 49.5, 2, 1, '2012-12-31 12:34:09')[0m
  [1m[35mProduct Load (0.4ms)[0m  SELECT `products`.* FROM `products` WHERE `products`.`id` = 2 ORDER BY title LIMIT 1
>>Line item created: Programming Ruby 1.9
  [1m[36m (117.7ms)[0m  [1mCOMMIT[0m
  [1m[35mLineItem Load (0.7ms)[0m  SELECT `line_items`.* FROM `line_items` WHERE `line_items`.`cart_id` = 2
  Rendered line_items/_line_item.html.erb (0.5ms)
DEPRECATION WARNING: :confirm option is deprecated and will be removed from Rails 4.0. Use ':data => { :confirm => 'Text' }' instead. (called from block in _app_views_carts__cart_html_erb___869838147_71536430 at /home/nikhily/Depot-Rails3/app/views/carts/_cart.html.erb:12)
  Rendered carts/_cart.html.erb (6.7ms)
  Rendered line_items/create.js.erb (7.7ms)
Completed 200 OK in 211ms (Views: 19.1ms | ActiveRecord: 170.4ms)


Started POST "/line_items?locale=en&product_id=3" for 127.0.0.1 at 2012-12-31 18:04:13 +0530
Processing by LineItemsController#create as JS
  Parameters: {"authenticity_token"=>"t/uwQPbG2bwFQziZqrLhBxaJjnOGDJ5OGub3tvsZGso=", "locale"=>"en", "product_id"=>"3"}
  [1m[36mCart Load (0.1ms)[0m  [1mSELECT `carts`.* FROM `carts` WHERE `carts`.`id` = 2 LIMIT 1[0m
  [1m[35mProduct Load (0.3ms)[0m  SELECT `products`.* FROM `products` WHERE `products`.`id` = 3 ORDER BY title LIMIT 1
  [1m[36mLineItem Load (1.3ms)[0m  [1mSELECT `line_items`.* FROM `line_items` WHERE `line_items`.`cart_id` = 2 AND `line_items`.`product_id` = 3 LIMIT 1[0m
  [1m[35mCACHE (0.0ms)[0m  SELECT `products`.* FROM `products` WHERE `products`.`id` = 3 ORDER BY title LIMIT 1
  [1m[36m (0.2ms)[0m  [1mBEGIN[0m
  [1m[35mSQL (37.0ms)[0m  INSERT INTO `line_items` (`cart_id`, `created_at`, `order_id`, `price`, `product_id`, `quantity`, `updated_at`) VALUES (2, '2012-12-31 12:34:13', NULL, 43.75, 3, 1, '2012-12-31 12:34:13')
  [1m[36mProduct Load (10.9ms)[0m  [1mSELECT `products`.* FROM `products` WHERE `products`.`id` = 3 ORDER BY title LIMIT 1[0m
>>Line item created: Rails Test Prescriptions
  [1m[35m (89.2ms)[0m  COMMIT
  [1m[36mLineItem Load (0.7ms)[0m  [1mSELECT `line_items`.* FROM `line_items` WHERE `line_items`.`cart_id` = 2[0m
  [1m[35mProduct Load (0.2ms)[0m  SELECT `products`.* FROM `products` WHERE `products`.`id` = 2 ORDER BY title LIMIT 1
  Rendered line_items/_line_item.html.erb (3.6ms)
DEPRECATION WARNING: :confirm option is deprecated and will be removed from Rails 4.0. Use ':data => { :confirm => 'Text' }' instead. (called from block in _app_views_carts__cart_html_erb___869838147_71536430 at /home/nikhily/Depot-Rails3/app/views/carts/_cart.html.erb:12)
  Rendered carts/_cart.html.erb (14.1ms)
  Rendered line_items/create.js.erb (15.1ms)
Completed 200 OK in 178ms (Views: 25.6ms | ActiveRecord: 139.9ms)


Started DELETE "/carts/2?locale=en" for 127.0.0.1 at 2012-12-31 18:04:27 +0530
Processing by CartsController#destroy as JS
  Parameters: {"authenticity_token"=>"t/uwQPbG2bwFQziZqrLhBxaJjnOGDJ5OGub3tvsZGso=", "locale"=>"en", "id"=>"2"}
  [1m[36mCart Load (0.2ms)[0m  [1mSELECT `carts`.* FROM `carts` WHERE `carts`.`id` = 2 LIMIT 1[0m
  [1m[35m (0.1ms)[0m  BEGIN
  [1m[36mLineItem Load (0.4ms)[0m  [1mSELECT `line_items`.* FROM `line_items` WHERE `line_items`.`cart_id` = 2[0m
  [1m[35mSQL (20.0ms)[0m  DELETE FROM `line_items` WHERE `line_items`.`id` = 2
  [1m[36mSQL (0.5ms)[0m  [1mDELETE FROM `line_items` WHERE `line_items`.`id` = 3[0m
  [1m[35mSQL (0.4ms)[0m  DELETE FROM `carts` WHERE `carts`.`id` = 2
  [1m[36m (108.9ms)[0m  [1mCOMMIT[0m
  [1m[35m (15.4ms)[0m  SELECT SUM(`line_items`.`quantity`) AS sum_id FROM `line_items` WHERE `line_items`.`cart_id` = 2
  Rendered carts/destroy.js.erb (20.5ms)
Completed 200 OK in 194ms (Views: 36.3ms | ActiveRecord: 145.9ms)
Connecting to database specified by database.yml


Started GET "/users/sign_in" for 127.0.0.1 at 2012-12-31 18:05:09 +0530
Processing by Devise::SessionsController#new as HTML
  Rendered /home/nikhily/.rvm/gems/ruby-1.9.3-p194@global/gems/devise-2.1.2/app/views/devise/shared/_links.erb (2.0ms)
  Rendered /home/nikhily/.rvm/gems/ruby-1.9.3-p194@global/gems/devise-2.1.2/app/views/devise/sessions/new.html.erb within layouts/application (11.4ms)
Completed 200 OK in 164ms (Views: 116.8ms | ActiveRecord: 21.3ms)


Started GET "/assets/application.css?body=1" for 127.0.0.1 at 2012-12-31 18:05:09 +0530
Served asset /application.css - 304 Not Modified (2ms)


Started GET "/assets/depot.css?body=1" for 127.0.0.1 at 2012-12-31 18:05:09 +0530
Served asset /depot.css - 304 Not Modified (0ms)


Started GET "/assets/scaffold.css?body=1" for 127.0.0.1 at 2012-12-31 18:05:09 +0530
Served asset /scaffold.css - 304 Not Modified (0ms)


Started GET "/assets/jquery.js?body=1" for 127.0.0.1 at 2012-12-31 18:05:09 +0530
Served asset /jquery.js - 304 Not Modified (0ms)


Started GET "/assets/jquery-ui.js?body=1" for 127.0.0.1 at 2012-12-31 18:05:09 +0530
Served asset /jquery-ui.js - 304 Not Modified (1ms)


Started GET "/assets/jquery_ujs.js?body=1" for 127.0.0.1 at 2012-12-31 18:05:09 +0530
Served asset /jquery_ujs.js - 304 Not Modified (0ms)


Started GET "/assets/application.js?body=1" for 127.0.0.1 at 2012-12-31 18:05:09 +0530
Served asset /application.js - 304 Not Modified (2ms)


Started GET "/assets/logo.png" for 127.0.0.1 at 2012-12-31 18:05:09 +0530
Served asset /logo.png - 304 Not Modified (0ms)
